INFO  2023-11-12T07:08:03.000 ThreadId(14) [1P:op-settings/src/store/json_store.rs:117] Settings file "/home/$USER/.config/1Password/settings/settings.json" missing, using defaults.
INFO  2023-11-12T07:08:03.007 ThreadId(14) [client:typescript] Client starting.
ERROR 2023-11-12T07:08:03.138 ThreadId(14) [1P:ffi/op-core-node/src/lib.rs:775] Failed to load crash reports from disk: Os { code: 2, kind: NotFound, message: "No such file or directory" }
INFO  2023-11-12T07:08:03.141 ThreadId(14) [1P:op-localization/src/lib.rs:227] system locale detected as 'en-US'
INFO  2023-11-12T07:08:03.141 ThreadId(14) [1P:op-localization/src/lib.rs:253] selected translations for EN_US based on detected locale en-US
INFO  2023-11-12T07:08:03.141 ThreadId(14) [status:op-app/src/app.rs:547] App::new(1Password for Linux/81018040 (EN_US), /home/$USER/.config/1Password/1password.sqlite)
INFO  2023-11-12T07:08:03.147 ThreadId(14) [1P:data/op-db/src/core_db/db.rs:444] Table Integrity Check Succeeded
INFO  2023-11-12T07:08:03.147 ThreadId(14) [1P:data/op-db/src/core_db/db.rs:460] DB Integrity Check Succeeded
INFO  2023-11-12T07:08:03.147 ThreadId(14) [1P:data/op-db/src/core_db/db.rs:135] Starting DB at version: 0
INFO  2023-11-12T07:08:03.147 ThreadId(14) [1P:data/op-db/src/core_db/db.rs:150] Database is being created at '/home/$USER/.config/1Password/1password.sqlite' (sqlite: 3039002)
INFO  2023-11-12T07:08:03.150 ThreadId(14) [1P:data/op-db/src/core_db/db.rs:574] Updated DB Schema to version 001
INFO  2023-11-12T07:08:03.152 ThreadId(14) [1P:data/op-db/src/core_db/db.rs:596] Updated DB Schema to version 002
INFO  2023-11-12T07:08:03.155 ThreadId(14) [1P:data/op-db/src/core_db/db.rs:608] Updated DB Schema to version 003
INFO  2023-11-12T07:08:03.158 ThreadId(14) [1P:data/op-db/src/core_db/db.rs:624] Updated DB Schema to version 005
INFO  2023-11-12T07:08:03.160 ThreadId(14) [1P:data/op-db/src/core_db/db.rs:640] Updated DB Schema to version 006
INFO  2023-11-12T07:08:03.162 ThreadId(14) [1P:data/op-db/src/core_db/db.rs:654] Updated DB Schema to version 007
INFO  2023-11-12T07:08:03.164 ThreadId(14) [1P:data/op-db/src/core_db/db.rs:668] Updated DB Schema to version 008
INFO  2023-11-12T07:08:03.166 ThreadId(14) [1P:data/op-db/src/core_db/db.rs:682] Updated DB Schema to version 009
INFO  2023-11-12T07:08:03.168 ThreadId(14) [1P:data/op-db/src/core_db/db.rs:696] Updated DB Schema to version 011
INFO  2023-11-12T07:08:03.168 ThreadId(14) [1P:data/op-db/src/core_db/db.rs:711] Updated DB Schema to version 012
INFO  2023-11-12T07:08:03.170 ThreadId(14) [1P:data/op-db/src/core_db/db.rs:725] Updated DB Schema to version 013
INFO  2023-11-12T07:08:03.172 ThreadId(14) [1P:data/op-db/src/core_db/db.rs:739] Updated DB Schema to version 014
INFO  2023-11-12T07:08:03.174 ThreadId(14) [1P:data/op-db/src/core_db/db.rs:753] Updated DB Schema to version 015
INFO  2023-11-12T07:08:03.177 ThreadId(14) [1P:data/op-db/src/core_db/db.rs:767] Updated DB Schema to version 016
INFO  2023-11-12T07:08:03.179 ThreadId(14) [1P:data/op-db/src/core_db/db.rs:781] Updated DB Schema to version 017
INFO  2023-11-12T07:08:03.182 ThreadId(14) [1P:data/op-db/src/core_db/db.rs:795] Updated DB Schema to version 018
INFO  2023-11-12T07:08:03.184 ThreadId(14) [1P:data/op-db/src/core_db/db.rs:809] Updated DB Schema to version 019
INFO  2023-11-12T07:08:03.188 ThreadId(14) [1P:data/op-db/src/core_db/db.rs:923] Updated DB Schema to version 021
INFO  2023-11-12T07:08:03.190 ThreadId(14) [1P:data/op-db/src/core_db/db.rs:937] Updated DB Schema to version 022
INFO  2023-11-12T07:08:03.192 ThreadId(14) [1P:data/op-db/src/core_db/db.rs:951] Updated DB Schema to version 023
INFO  2023-11-12T07:08:03.194 ThreadId(14) [1P:data/op-db/src/core_db/db.rs:965] Updated DB Schema to version 024
INFO  2023-11-12T07:08:03.197 ThreadId(14) [1P:data/op-db/src/core_db/db.rs:979] Updated DB Schema to version 025
INFO  2023-11-12T07:08:03.199 ThreadId(14) [1P:data/op-db/src/core_db/db.rs:1093] Updated DB Schema to version 026
INFO  2023-11-12T07:08:03.201 ThreadId(14) [1P:data/op-db/src/core_db/db.rs:1107] Updated DB Schema to version 027
INFO  2023-11-12T07:08:03.203 ThreadId(14) [1P:data/op-db/src/core_db/db.rs:1121] Updated DB Schema to version 028
INFO  2023-11-12T07:08:03.206 ThreadId(14) [1P:data/op-db/src/core_db/db.rs:1135] Updated DB Schema to version 029
ERROR 2023-11-12T07:08:03.215 ThreadId(14) [1P:ssh/op-ssh-config/src/lib.rs:177] Could not open ssh config file in ~/.ssh/config
ERROR 2023-11-12T07:08:03.215 ThreadId(14) [1P:/builds/dev/core/core/ssh/op-ssh-config/src/lib.rs:137] Failed to start ssh config file watcher: Io(Os { code: 2, kind: NotFound, message: "No such file or directory" })
INFO  2023-11-12T07:08:03.221 tokio-runtime-worker(ThreadId(5)) [1P:native-messaging/op-native-core-integration/src/lib.rs:329] Starting IPC listener on 1Password-BrowserSupport
INFO  2023-11-12T07:08:03.222 tokio-runtime-worker(ThreadId(5)) [1P:native-messaging/op-native-core-integration/src/lib.rs:341] Active native core integration is awaiting messages
INFO  2023-11-12T07:08:03.224 tokio-runtime-worker(ThreadId(3)) [1P:native-messaging/op-nm-installer/src/nix_utils.rs:48] Creating manifest directory for Chromium at /home/$USER/.config/google-chrome/NativeMessagingHosts
INFO  2023-11-12T07:08:03.224 tokio-runtime-worker(ThreadId(3)) [1P:native-messaging/op-nm-installer/src/nix_utils.rs:68] Created NMH manifest at /home/$USER/.config/google-chrome/NativeMessagingHosts/com.1password.1password.json
INFO  2023-11-12T07:08:03.224 tokio-runtime-worker(ThreadId(3)) [1P:native-messaging/op-nm-installer/src/nix_utils.rs:48] Creating manifest directory for Chromium at /home/$USER/.config/google-chrome-beta/NativeMessagingHosts
INFO  2023-11-12T07:08:03.224 tokio-runtime-worker(ThreadId(3)) [1P:native-messaging/op-nm-installer/src/nix_utils.rs:68] Created NMH manifest at /home/$USER/.config/google-chrome-beta/NativeMessagingHosts/com.1password.1password.json
INFO  2023-11-12T07:08:03.224 tokio-runtime-worker(ThreadId(3)) [1P:native-messaging/op-nm-installer/src/nix_utils.rs:48] Creating manifest directory for Chromium at /home/$USER/.config/google-chrome-unstable/NativeMessagingHosts
INFO  2023-11-12T07:08:03.225 tokio-runtime-worker(ThreadId(3)) [1P:native-messaging/op-nm-installer/src/nix_utils.rs:68] Created NMH manifest at /home/$USER/.config/google-chrome-unstable/NativeMessagingHosts/com.1password.1password.json
INFO  2023-11-12T07:08:03.225 tokio-runtime-worker(ThreadId(3)) [1P:native-messaging/op-nm-installer/src/nix_utils.rs:48] Creating manifest directory for Chromium at /home/$USER/.config/chromium/NativeMessagingHosts
INFO  2023-11-12T07:08:03.225 tokio-runtime-worker(ThreadId(3)) [1P:native-messaging/op-nm-installer/src/nix_utils.rs:68] Created NMH manifest at /home/$USER/.config/chromium/NativeMessagingHosts/com.1password.1password.json
INFO  2023-11-12T07:08:03.225 tokio-runtime-worker(ThreadId(3)) [1P:native-messaging/op-nm-installer/src/nix_utils.rs:48] Creating manifest directory for Chromium at /home/$USER/.config/microsoft-edge-dev/NativeMessagingHosts
INFO  2023-11-12T07:08:03.225 tokio-runtime-worker(ThreadId(3)) [1P:native-messaging/op-nm-installer/src/nix_utils.rs:68] Created NMH manifest at /home/$USER/.config/microsoft-edge-dev/NativeMessagingHosts/com.1password.1password.json
INFO  2023-11-12T07:08:03.225 tokio-runtime-worker(ThreadId(3)) [1P:native-messaging/op-nm-installer/src/nix_utils.rs:48] Creating manifest directory for Chromium at /home/$USER/.config/BraveSoftware/Brave-Browser/NativeMessagingHosts
INFO  2023-11-12T07:08:03.225 tokio-runtime-worker(ThreadId(3)) [1P:native-messaging/op-nm-installer/src/nix_utils.rs:68] Created NMH manifest at /home/$USER/.config/BraveSoftware/Brave-Browser/NativeMessagingHosts/com.1password.1password.json
INFO  2023-11-12T07:08:03.225 tokio-runtime-worker(ThreadId(3)) [1P:native-messaging/op-nm-installer/src/nix_utils.rs:48] Creating manifest directory for Chromium at /home/$USER/.config/vivaldi/NativeMessagingHosts
INFO  2023-11-12T07:08:03.225 tokio-runtime-worker(ThreadId(3)) [1P:native-messaging/op-nm-installer/src/nix_utils.rs:68] Created NMH manifest at /home/$USER/.config/vivaldi/NativeMessagingHosts/com.1password.1password.json
INFO  2023-11-12T07:08:03.225 tokio-runtime-worker(ThreadId(3)) [1P:native-messaging/op-nm-installer/src/nix_utils.rs:48] Creating manifest directory for Chromium at /home/$USER/.config/vivaldi-snapshot/NativeMessagingHosts
INFO  2023-11-12T07:08:03.225 tokio-runtime-worker(ThreadId(3)) [1P:native-messaging/op-nm-installer/src/nix_utils.rs:68] Created NMH manifest at /home/$USER/.config/vivaldi-snapshot/NativeMessagingHosts/com.1password.1password.json
INFO  2023-11-12T07:08:03.226 tokio-runtime-worker(ThreadId(3)) [1P:native-messaging/op-nm-installer/src/nix_utils.rs:48] Creating manifest directory for Firefox at /home/$USER/.mozilla/native-messaging-hosts
INFO  2023-11-12T07:08:03.226 tokio-runtime-worker(ThreadId(3)) [1P:native-messaging/op-nm-installer/src/nix_utils.rs:68] Created NMH manifest at /home/$USER/.mozilla/native-messaging-hosts/com.1password.1password.json
INFO  2023-11-12T07:08:03.226 tokio-runtime-worker(ThreadId(3)) [1P:native-messaging/op-nm-installer/src/nix_utils.rs:83] Successfully installed all native messaging manifests.
INFO  2023-11-12T07:08:03.230 tokio-runtime-worker(ThreadId(1)) [1P:ssh/op-agent-controller/src/desktop.rs:438] Starting filesystem watcher for SSH agent configuration directories...
ERROR 2023-11-12T07:08:03.230 tokio-runtime-worker(ThreadId(1)) [1P:/builds/dev/core/core/ssh/op-agent-controller/src/desktop.rs:439] Io(Os { code: 2, kind: NotFound, message: "No such file or directory" })
WARN  2023-11-12T07:08:03.232 tokio-runtime-worker(ThreadId(16)) [1P:foundation/op-linux/src/kernel_keyring.rs:840] failed to initialize keyring helper, its functionality will be unavailable: Spawning(Os { code: 2, kind: NotFound, message: "No such file or directory" })
ERROR 2023-11-12T07:08:03.268 ThreadId(14) [client:typescript] Could not load window state.
INFO  2023-11-12T07:14:01.551 tokio-runtime-worker(ThreadId(3)) [1P:op-app/src/app/backend/frontend.rs:22] Front end event: window closed
INFO  2023-11-12T07:25:32.538 tokio-runtime-worker(ThreadId(3)) [1P:op-app/src/app/backend/frontend.rs:51] Front end event: app will quit
WARN  2023-11-12T07:25:32.538 tokio-runtime-worker(ThreadId(3)) [1P:op-invocation-dispatch/src/lib.rs:157] shutdown requested!
INFO  2023-11-12T07:25:32.538 tokio-runtime-worker(ThreadId(3)) [1P:op-app/src/app/shutdown.rs:66] starting app shutdown
INFO  2023-11-12T07:25:32.641 ThreadId(18) [1P:data/op-db-queue/src/lib.rs:232] db shutdown requested
INFO  2023-11-12T07:25:32.641 ThreadId(18) [1P:data/op-db-queue/src/lib.rs:240] db queue worker exiting
INFO  2023-11-12T07:25:32.641 tokio-runtime-worker(ThreadId(10)) [1P:op-app/src/app/shutdown.rs:103] app shutdown complete
